<?xml version="1.0" encoding="UTF-8"?>
<testsuite xmlns:xsi="http://www.w3.org/2001/XMLSchema-instance" xsi:noNamespaceSchemaLocation="https://maven.apache.org/surefire/maven-surefire-plugin/xsd/surefire-test-report-3.0.xsd" version="3.0" name="com.fdmgroupDemo.AccountServiceTest" time="3.487" tests="1" errors="1" skipped="0" failures="0">
  <properties>
[...]
</properties>
  <testcase name="createAccountTest" classname="com.fdmgroupDemo.AccountServiceTest" time="0.088">
    <error message="Cannot invoke &quot;java.util.List.add(Object)&quot; because &quot;this.accounts&quot; is null" type="java.lang.NullPointerException"><![CDATA[java.lang.NullPointerException: Cannot invoke "java.util.List.add(Object)" because "this.accounts" is null
	at com.fdmgroupDemo.model.Customer.addAccount(Customer.java:84)
	at com.fdmgroupDemo.service.AccountService.createAccount(AccountService.java:43)
	at com.fdmgroupDemo.AccountServiceTest.createAccountTest(AccountServiceTest.java:58)
	at java.base/java.lang.reflect.Method.invoke(Method.java:580)
	at java.base/java.util.ArrayList.forEach(ArrayList.java:1597)
	at java.base/java.util.ArrayList.forEach(ArrayList.java:1597)
]]></error>
    <system-out><![CDATA[22:12:40.151 [main] INFO org.springframework.boot.devtools.restart.RestartApplicationListener -- Restart disabled due to context in which it is running

  .   ____          _            __ _ _
 /\\ / ___'_ __ _ _(_)_ __  __ _ \ \ \ \
( ( )\___ | '_ | '_| | '_ \/ _` | \ \ \ \
 \\/  ___)| |_)| | | | | || (_| |  ) ) ) )
  '  |____| .__|_| |_|_| |_\__, | / / / /
 =========|_|==============|___/=/_/_/_/

 :: Spring Boot ::                (v3.3.2)

2024-08-07T22:12:40.333-04:00  INFO 26456 --- [Sprint4-Epic4] [           main] com.fdmgroupDemo.AccountServiceTest      : Starting AccountServiceTest using Java 22.0.1 with PID 26456 (started by Administrator in M:\AppData\eclipse-workspace\java-fdm-group-projects\Sprint4-Epic4)
2024-08-07T22:12:40.334-04:00  INFO 26456 --- [Sprint4-Epic4] [           main] com.fdmgroupDemo.AccountServiceTest      : No active profile set, falling back to 1 default profile: "default"
2024-08-07T22:12:40.740-04:00  INFO 26456 --- [Sprint4-Epic4] [           main] .s.d.r.c.RepositoryConfigurationDelegate : Bootstrapping Spring Data JPA repositories in DEFAULT mode.
2024-08-07T22:12:40.808-04:00  INFO 26456 --- [Sprint4-Epic4] [           main] .s.d.r.c.RepositoryConfigurationDelegate : Finished Spring Data repository scanning in 64 ms. Found 2 JPA repository interfaces.
2024-08-07T22:12:41.054-04:00  INFO 26456 --- [Sprint4-Epic4] [           main] o.hibernate.jpa.internal.util.LogHelper  : HHH000204: Processing PersistenceUnitInfo [name: default]
2024-08-07T22:12:41.085-04:00  INFO 26456 --- [Sprint4-Epic4] [           main] org.hibernate.Version                    : HHH000412: Hibernate ORM core version 6.5.2.Final
2024-08-07T22:12:41.105-04:00  INFO 26456 --- [Sprint4-Epic4] [           main] o.h.c.internal.RegionFactoryInitiator    : HHH000026: Second-level cache disabled
2024-08-07T22:12:41.291-04:00  INFO 26456 --- [Sprint4-Epic4] [           main] o.s.o.j.p.SpringPersistenceUnitInfo      : No LoadTimeWeaver setup: ignoring JPA class transformer
2024-08-07T22:12:41.305-04:00  INFO 26456 --- [Sprint4-Epic4] [           main] com.zaxxer.hikari.HikariDataSource       : HikariPool-1 - Starting...
2024-08-07T22:12:41.465-04:00  INFO 26456 --- [Sprint4-Epic4] [           main] com.zaxxer.hikari.pool.HikariPool        : HikariPool-1 - Added connection conn1: url=jdbc:h2:M:/AppData/eclipse-workspace/java-fdm-group-projects/H2-database/H2-db-file-for-SP4EP4 user=SA
2024-08-07T22:12:41.466-04:00  INFO 26456 --- [Sprint4-Epic4] [           main] com.zaxxer.hikari.HikariDataSource       : HikariPool-1 - Start completed.
2024-08-07T22:12:41.477-04:00  WARN 26456 --- [Sprint4-Epic4] [           main] org.hibernate.orm.deprecation            : HHH90000025: H2Dialect does not need to be specified explicitly using 'hibernate.dialect' (remove the property setting and it will be selected by default)
2024-08-07T22:12:41.562-04:00  WARN 26456 --- [Sprint4-Epic4] [           main] o.h.boot.model.internal.EntityBinder     : HHH000457: Joined inheritance hierarchy [com.fdmgroupDemo.model.Customer] defined explicit @DiscriminatorColumn.  Legacy Hibernate behavior was to ignore the @DiscriminatorColumn.  However, as part of issue HHH-6911 we now apply the explicit @DiscriminatorColumn.  If you would prefer the legacy behavior, enable the `hibernate.discriminator.ignore_explicit_for_joined` setting (hibernate.discriminator.ignore_explicit_for_joined=true)
2024-08-07T22:12:41.951-04:00  INFO 26456 --- [Sprint4-Epic4] [           main] o.h.e.t.j.p.i.JtaPlatformInitiator       : HHH000489: No JTA platform available (set 'hibernate.transaction.jta.platform' to enable JTA platform integration)
2024-08-07T22:12:41.982-04:00  INFO 26456 --- [Sprint4-Epic4] [           main] j.LocalContainerEntityManagerFactoryBean : Initialized JPA EntityManagerFactory for persistence unit 'default'
2024-08-07T22:12:42.113-04:00  INFO 26456 --- [Sprint4-Epic4] [           main] o.s.d.j.r.query.QueryEnhancerFactory     : Hibernate is in classpath; If applicable, HQL parser will be used.
2024-08-07T22:12:42.605-04:00  WARN 26456 --- [Sprint4-Epic4] [           main] JpaBaseConfiguration$JpaWebConfiguration : spring.jpa.open-in-view is enabled by default. Therefore, database queries may be performed during view rendering. Explicitly configure spring.jpa.open-in-view to disable this warning
2024-08-07T22:12:42.812-04:00  INFO 26456 --- [Sprint4-Epic4] [           main] o.s.b.a.h2.H2ConsoleAutoConfiguration    : H2 console available at '/h2-console'. Database available at 'jdbc:h2:M:/AppData/eclipse-workspace/java-fdm-group-projects/H2-database/H2-db-file-for-SP4EP4'
2024-08-07T22:12:42.848-04:00  INFO 26456 --- [Sprint4-Epic4] [           main] o.s.b.t.m.w.SpringBootMockServletContext : Initializing Spring TestDispatcherServlet ''
2024-08-07T22:12:42.848-04:00  INFO 26456 --- [Sprint4-Epic4] [           main] o.s.t.web.servlet.TestDispatcherServlet  : Initializing Servlet ''
2024-08-07T22:12:42.849-04:00  INFO 26456 --- [Sprint4-Epic4] [           main] o.s.t.web.servlet.TestDispatcherServlet  : Completed initialization in 0 ms
2024-08-07T22:12:42.908-04:00  INFO 26456 --- [Sprint4-Epic4] [           main] com.fdmgroupDemo.AccountServiceTest      : Started AccountServiceTest in 2.766 seconds (process running for 3.255)
]]></system-out>
    <system-err><![CDATA[WARNING: A Java agent has been loaded dynamically (C:\Users\Administrator\.m2\repository\net\bytebuddy\byte-buddy-agent\1.14.18\byte-buddy-agent-1.14.18.jar)
WARNING: If a serviceability tool is in use, please run with -XX:+EnableDynamicAgentLoading to hide this warning
WARNING: If a serviceability tool is not in use, please run with -Djdk.instrument.traceUsage for more information
WARNING: Dynamic loading of agents will be disallowed by default in a future release
]]></system-err>
  </testcase>
</testsuite>