<?xml version="1.0" encoding="UTF-8"?>
<testsuite xmlns:xsi="http://www.w3.org/2001/XMLSchema-instance" xsi:noNamespaceSchemaLocation="https://maven.apache.org/surefire/maven-surefire-plugin/xsd/surefire-test-report-3.0.xsd" version="3.0" name="com.fdmgroupDemo.CustomerServiceTest" time="0.498" tests="6" errors="0" skipped="0" failures="0">
  <properties>
[...]
</properties>
  <testcase name="createPersonTest" classname="com.fdmgroupDemo.CustomerServiceTest" time="0.02">
    <system-out><![CDATA[2024-08-07T22:12:43.986-04:00  INFO 26456 --- [Sprint4-Epic4] [           main] o.s.b.d.r.RestartApplicationListener     : Restart disabled due to context in which it is running

  .   ____          _            __ _ _
 /\\ / ___'_ __ _ _(_)_ __  __ _ \ \ \ \
( ( )\___ | '_ | '_| | '_ \/ _` | \ \ \ \
 \\/  ___)| |_)| | | | | || (_| |  ) ) ) )
  '  |____| .__|_| |_|_| |_\__, | / / / /
 =========|_|==============|___/=/_/_/_/

 :: Spring Boot ::                (v3.3.2)

2024-08-07T22:12:44.001-04:00  INFO 26456 --- [Sprint4-Epic4] [           main] com.fdmgroupDemo.CustomerServiceTest     : Starting CustomerServiceTest using Java 22.0.1 with PID 26456 (started by Administrator in M:\AppData\eclipse-workspace\java-fdm-group-projects\Sprint4-Epic4)
2024-08-07T22:12:44.002-04:00  INFO 26456 --- [Sprint4-Epic4] [           main] com.fdmgroupDemo.CustomerServiceTest     : No active profile set, falling back to 1 default profile: "default"
2024-08-07T22:12:44.134-04:00  INFO 26456 --- [Sprint4-Epic4] [           main] .s.d.r.c.RepositoryConfigurationDelegate : Bootstrapping Spring Data JPA repositories in DEFAULT mode.
2024-08-07T22:12:44.141-04:00  INFO 26456 --- [Sprint4-Epic4] [           main] .s.d.r.c.RepositoryConfigurationDelegate : Finished Spring Data repository scanning in 6 ms. Found 2 JPA repository interfaces.
2024-08-07T22:12:44.216-04:00  INFO 26456 --- [Sprint4-Epic4] [           main] o.hibernate.jpa.internal.util.LogHelper  : HHH000204: Processing PersistenceUnitInfo [name: default]
2024-08-07T22:12:44.219-04:00  INFO 26456 --- [Sprint4-Epic4] [           main] o.h.c.internal.RegionFactoryInitiator    : HHH000026: Second-level cache disabled
2024-08-07T22:12:44.226-04:00  INFO 26456 --- [Sprint4-Epic4] [           main] o.s.o.j.p.SpringPersistenceUnitInfo      : No LoadTimeWeaver setup: ignoring JPA class transformer
2024-08-07T22:12:44.227-04:00  INFO 26456 --- [Sprint4-Epic4] [           main] com.zaxxer.hikari.HikariDataSource       : HikariPool-2 - Starting...
2024-08-07T22:12:44.229-04:00  INFO 26456 --- [Sprint4-Epic4] [           main] com.zaxxer.hikari.pool.HikariPool        : HikariPool-2 - Added connection conn11: url=jdbc:h2:M:/AppData/eclipse-workspace/java-fdm-group-projects/H2-database/H2-db-file-for-SP4EP4 user=SA
2024-08-07T22:12:44.229-04:00  INFO 26456 --- [Sprint4-Epic4] [           main] com.zaxxer.hikari.HikariDataSource       : HikariPool-2 - Start completed.
2024-08-07T22:12:44.229-04:00  WARN 26456 --- [Sprint4-Epic4] [           main] org.hibernate.orm.deprecation            : HHH90000025: H2Dialect does not need to be specified explicitly using 'hibernate.dialect' (remove the property setting and it will be selected by default)
2024-08-07T22:12:44.235-04:00  WARN 26456 --- [Sprint4-Epic4] [           main] o.h.boot.model.internal.EntityBinder     : HHH000457: Joined inheritance hierarchy [com.fdmgroupDemo.model.Customer] defined explicit @DiscriminatorColumn.  Legacy Hibernate behavior was to ignore the @DiscriminatorColumn.  However, as part of issue HHH-6911 we now apply the explicit @DiscriminatorColumn.  If you would prefer the legacy behavior, enable the `hibernate.discriminator.ignore_explicit_for_joined` setting (hibernate.discriminator.ignore_explicit_for_joined=true)
2024-08-07T22:12:44.295-04:00  INFO 26456 --- [Sprint4-Epic4] [           main] o.h.e.t.j.p.i.JtaPlatformInitiator       : HHH000489: No JTA platform available (set 'hibernate.transaction.jta.platform' to enable JTA platform integration)
2024-08-07T22:12:44.298-04:00  INFO 26456 --- [Sprint4-Epic4] [           main] j.LocalContainerEntityManagerFactoryBean : Initialized JPA EntityManagerFactory for persistence unit 'default'
2024-08-07T22:12:44.362-04:00  WARN 26456 --- [Sprint4-Epic4] [           main] JpaBaseConfiguration$JpaWebConfiguration : spring.jpa.open-in-view is enabled by default. Therefore, database queries may be performed during view rendering. Explicitly configure spring.jpa.open-in-view to disable this warning
2024-08-07T22:12:44.413-04:00  INFO 26456 --- [Sprint4-Epic4] [           main] o.s.b.a.h2.H2ConsoleAutoConfiguration    : H2 console available at '/h2-console'. Database available at 'jdbc:h2:M:/AppData/eclipse-workspace/java-fdm-group-projects/H2-database/H2-db-file-for-SP4EP4'
2024-08-07T22:12:44.426-04:00  INFO 26456 --- [Sprint4-Epic4] [           main] o.s.b.t.m.w.SpringBootMockServletContext : Initializing Spring TestDispatcherServlet ''
2024-08-07T22:12:44.426-04:00  INFO 26456 --- [Sprint4-Epic4] [           main] o.s.t.web.servlet.TestDispatcherServlet  : Initializing Servlet ''
2024-08-07T22:12:44.426-04:00  INFO 26456 --- [Sprint4-Epic4] [           main] o.s.t.web.servlet.TestDispatcherServlet  : Completed initialization in 0 ms
2024-08-07T22:12:44.432-04:00  INFO 26456 --- [Sprint4-Epic4] [           main] com.fdmgroupDemo.CustomerServiceTest     : Started CustomerServiceTest in 0.446 seconds (process running for 4.779)
]]></system-out>
  </testcase>
  <testcase name="getCustomerByIdTest" classname="com.fdmgroupDemo.CustomerServiceTest" time="0.006"/>
  <testcase name="getAllCustomersTest" classname="com.fdmgroupDemo.CustomerServiceTest" time="0.003"/>
  <testcase name="createCompanyTest" classname="com.fdmgroupDemo.CustomerServiceTest" time="0.002"/>
  <testcase name="deleteCustomerByIdTest" classname="com.fdmgroupDemo.CustomerServiceTest" time="0.002"/>
  <testcase name="updateCustomerByIdTest" classname="com.fdmgroupDemo.CustomerServiceTest" time="0.003"/>
</testsuite>